<?xml version="1.0" encoding="UTF-8"?>
<!-- Generated by org.testng.reporters.JUnitXMLReporter -->
<testsuite hostname="WINVA185060-0WA" ignored="0" name="book-flight-2" tests="5" failures="0" timestamp="18 Dec 2019 09:05:15 GMT" time="17.246" errors="0">
  <testcase name="registrationPage" time="6.143" classname="com.newtours.tests.BookFlightTest"/>
  <testcase name="registrationConfirmationPage" time="2.056" classname="com.newtours.tests.BookFlightTest"/>
  <testcase name="flightDetailsPage" time="2.005" classname="com.newtours.tests.BookFlightTest"/>
  <testcase name="findFlightPage" time="4.59" classname="com.newtours.tests.BookFlightTest"/>
  <testcase name="flightConfirmationPage" time="1.905" classname="com.newtours.tests.BookFlightTest"/>
</testsuite> <!-- book-flight-2 -->
