<?xml version="1.0" encoding="UTF-8"?>
<!-- Generated by org.testng.reporters.JUnitXMLReporter -->
<testsuite hostname="WINVA185060-0WA" ignored="0" name="book-flight-3" tests="5" failures="0" timestamp="18 Dec 2019 09:05:30 GMT" time="15.332" errors="0">
  <testcase name="registrationPage" time="5.619" classname="com.newtours.tests.BookFlightTest"/>
  <testcase name="registrationConfirmationPage" time="1.503" classname="com.newtours.tests.BookFlightTest"/>
  <testcase name="flightDetailsPage" time="1.563" classname="com.newtours.tests.BookFlightTest"/>
  <testcase name="findFlightPage" time="4.235" classname="com.newtours.tests.BookFlightTest"/>
  <testcase name="flightConfirmationPage" time="1.875" classname="com.newtours.tests.BookFlightTest"/>
</testsuite> <!-- book-flight-3 -->
