<?xml version="1.0" encoding="UTF-8"?>
<!-- Generated by org.testng.reporters.JUnitXMLReporter -->
<testsuite hostname="WINVA185060-0WA" ignored="0" name="book-flight-4" tests="5" failures="0" timestamp="18 Dec 2019 09:05:45 GMT" time="14.674" errors="0">
  <testcase name="registrationPage" time="4.453" classname="com.newtours.tests.BookFlightTest"/>
  <testcase name="registrationConfirmationPage" time="1.823" classname="com.newtours.tests.BookFlightTest"/>
  <testcase name="flightDetailsPage" time="1.772" classname="com.newtours.tests.BookFlightTest"/>
  <testcase name="findFlightPage" time="4.33" classname="com.newtours.tests.BookFlightTest"/>
  <testcase name="flightConfirmationPage" time="1.769" classname="com.newtours.tests.BookFlightTest"/>
</testsuite> <!-- book-flight-4 -->
